[2021-10-25 16:07:47.273] [exthost] [info] extension host started
[2021-10-25 16:07:47.274] [exthost] [info] Skipping acquiring lock for c:\Users\WeiYi\AppData\Roaming\Code\User\workspaceStorage\8776d583bdacae85d32f08a4cb7d36ce.
[2021-10-25 16:07:47.474] [exthost] [info] ExtensionService#_doActivateExtension vscode.microsoft-authentication, startup: false, activationEvent: 'onAuthenticationRequest:microsoft'
[2021-10-25 16:07:47.475] [exthost] [info] ExtensionService#loadCommonJSModule file:///d:/wingetapp/Microsoft VS Code/resources/app/extensions/microsoft-authentication/dist/extension.js
[2021-10-25 16:07:47.630] [exthost] [info] ExtensionService#_doActivateExtension vscode.debug-auto-launch, startup: true, activationEvent: '*'
[2021-10-25 16:07:47.631] [exthost] [info] ExtensionService#loadCommonJSModule file:///d:/wingetapp/Microsoft VS Code/resources/app/extensions/debug-auto-launch/dist/extension
[2021-10-25 16:07:47.681] [exthost] [info] ExtensionService#_doActivateExtension vscode.git, startup: true, activationEvent: '*', root cause: vscode.github
[2021-10-25 16:07:47.681] [exthost] [info] ExtensionService#loadCommonJSModule file:///d:/wingetapp/Microsoft VS Code/resources/app/extensions/git/dist/main
[2021-10-25 16:07:47.904] [exthost] [info] ExtensionService#_doActivateExtension PKief.material-icon-theme, startup: true, activationEvent: '*'
[2021-10-25 16:07:47.904] [exthost] [info] ExtensionService#loadCommonJSModule file:///c:/Users/WeiYi/.vscode/extensions/pkief.material-icon-theme-4.10.0/dist/extension
[2021-10-25 16:07:48.111] [exthost] [info] ExtensionService#_doActivateExtension ms-vscode.js-debug, startup: false, activationEvent: 'onCommand:extension.js-debug.clearAutoAttachVariables'
[2021-10-25 16:07:48.112] [exthost] [info] ExtensionService#loadCommonJSModule file:///d:/wingetapp/Microsoft VS Code/resources/app/extensions/ms-vscode.js-debug/src/extension.js
[2021-10-25 16:07:48.420] [exthost] [info] ExtensionService#_doActivateExtension vscode.github-authentication, startup: false, activationEvent: 'onAuthenticationRequest:github'
[2021-10-25 16:07:48.420] [exthost] [info] ExtensionService#loadCommonJSModule file:///d:/wingetapp/Microsoft VS Code/resources/app/extensions/github-authentication/dist/extension.js
[2021-10-25 16:07:48.869] [exthost] [info] ExtensionService#_doActivateExtension vscode.github, startup: true, activationEvent: '*'
[2021-10-25 16:07:48.869] [exthost] [info] ExtensionService#loadCommonJSModule file:///d:/wingetapp/Microsoft VS Code/resources/app/extensions/github/dist/extension.js
[2021-10-25 16:07:48.970] [exthost] [info] eager extensions activated
[2021-10-25 16:07:48.975] [exthost] [info] ExtensionService#_doActivateExtension vscode.emmet, startup: false, activationEvent: 'onStartupFinished'
[2021-10-25 16:07:48.976] [exthost] [info] ExtensionService#loadCommonJSModule file:///d:/wingetapp/Microsoft VS Code/resources/app/extensions/emmet/dist/node/emmetNodeMain
[2021-10-25 16:07:49.068] [exthost] [info] ExtensionService#_doActivateExtension vscode.merge-conflict, startup: false, activationEvent: 'onStartupFinished'
[2021-10-25 16:07:49.068] [exthost] [info] ExtensionService#loadCommonJSModule file:///d:/wingetapp/Microsoft VS Code/resources/app/extensions/merge-conflict/dist/mergeConflictMain
[2021-10-25 16:07:49.101] [exthost] [info] ExtensionService#_doActivateExtension ms-vscode-remote.remote-wsl-recommender, startup: false, activationEvent: 'onStartupFinished'
[2021-10-25 16:07:49.101] [exthost] [info] ExtensionService#loadCommonJSModule file:///d:/wingetapp/Microsoft VS Code/resources/app/extensions/ms-vscode-remote.remote-wsl-recommender/dist/extension.js
[2021-10-25 16:07:49.164] [exthost] [info] ExtensionService#_doActivateExtension eamodio.gitlens, startup: false, activationEvent: 'onStartupFinished'
[2021-10-25 16:07:49.165] [exthost] [info] ExtensionService#loadCommonJSModule file:///c:/Users/WeiYi/.vscode/extensions/eamodio.gitlens-11.6.1/dist/gitlens
[2021-10-25 16:07:49.821] [exthost] [info] ExtensionService#_doActivateExtension vscode.configuration-editing, startup: false, activationEvent: 'onLanguage:jsonc'
[2021-10-25 16:07:49.821] [exthost] [info] ExtensionService#loadCommonJSModule file:///d:/wingetapp/Microsoft VS Code/resources/app/extensions/configuration-editing/dist/configurationEditingMain
[2021-10-25 16:07:49.865] [exthost] [info] ExtensionService#_doActivateExtension vscode.json-language-features, startup: false, activationEvent: 'onLanguage:jsonc'
[2021-10-25 16:07:49.865] [exthost] [info] ExtensionService#loadCommonJSModule file:///d:/wingetapp/Microsoft VS Code/resources/app/extensions/json-language-features/client/dist/node/jsonClientMain
[2021-10-25 16:07:49.998] [exthost] [info] ExtensionService#_doActivateExtension vscode.typescript-language-features, startup: false, activationEvent: 'onLanguage:jsonc'
[2021-10-25 16:07:49.999] [exthost] [info] ExtensionService#loadCommonJSModule file:///d:/wingetapp/Microsoft VS Code/resources/app/extensions/typescript-language-features/dist/extension
[2021-10-25 16:10:25.100] [exthost] [info] ExtensionService#_doActivateExtension vscode.extension-editing, startup: false, activationEvent: 'onLanguage:json'
[2021-10-25 16:10:25.100] [exthost] [info] ExtensionService#loadCommonJSModule file:///d:/wingetapp/Microsoft VS Code/resources/app/extensions/extension-editing/dist/extensionEditingMain
[2021-10-25 16:10:25.208] [exthost] [info] ExtensionService#_doActivateExtension vscode.npm, startup: false, activationEvent: 'onLanguage:json'
[2021-10-25 16:10:25.208] [exthost] [info] ExtensionService#loadCommonJSModule file:///d:/wingetapp/Microsoft VS Code/resources/app/extensions/npm/dist/npmMain
[2021-10-25 16:10:25.423] [exthost] [info] extension host terminating: renderer closed the socket
[2021-10-25 16:10:25.444] [exthost] [error] Activating extension vscode.npm failed due to an error:
[2021-10-25 16:10:25.444] [exthost] [error] Canceled: Canceled
	at Object.n [as canceled] (d:\wingetapp\Microsoft VS Code\resources\app\out\vs\workbench\services\extensions\node\extensionHostProcess.js:5:1157)
	at d:\wingetapp\Microsoft VS Code\resources\app\out\vs\workbench\services\extensions\node\extensionHostProcess.js:98:9064
	at Array.forEach (<anonymous>)
	at i.dispose (d:\wingetapp\Microsoft VS Code\resources\app\out\vs\workbench\services\extensions\node\extensionHostProcess.js:98:9012)
	at b.terminate (d:\wingetapp\Microsoft VS Code\resources\app\out\vs\workbench\services\extensions\node\extensionHostProcess.js:103:682)
	at o (d:\wingetapp\Microsoft VS Code\resources\app\out\vs\workbench\services\extensions\node\extensionHostProcess.js:113:32535)
	at Socket.<anonymous> (d:\wingetapp\Microsoft VS Code\resources\app\out\vs\workbench\services\extensions\node\extensionHostProcess.js:113:30185)
	at Socket.emit (events.js:327:22)
	at Pipe.<anonymous> (net.js:673:12)
[2021-10-25 16:10:26.025] [exthost] [info] extension host started
[2021-10-25 16:10:26.025] [exthost] [info] Skipping acquiring lock for c:\Users\WeiYi\AppData\Roaming\Code\User\workspaceStorage\96937f77dcda1437a5bfd9690f2f3f0f.
[2021-10-25 16:10:26.051] [exthost] [info] ExtensionService#_doActivateExtension vscode.microsoft-authentication, startup: false, activationEvent: 'onAuthenticationRequest:microsoft'
[2021-10-25 16:10:26.051] [exthost] [info] ExtensionService#loadCommonJSModule file:///d:/wingetapp/Microsoft VS Code/resources/app/extensions/microsoft-authentication/dist/extension.js
[2021-10-25 16:10:26.060] [exthost] [info] ExtensionService#_doActivateExtension ms-vscode.js-debug, startup: false, activationEvent: 'onCommand:extension.js-debug.clearAutoAttachVariables'
[2021-10-25 16:10:26.060] [exthost] [info] ExtensionService#loadCommonJSModule file:///d:/wingetapp/Microsoft VS Code/resources/app/extensions/ms-vscode.js-debug/src/extension.js
[2021-10-25 16:10:26.152] [exthost] [info] ExtensionService#_doActivateExtension vscode.debug-auto-launch, startup: false, activationEvent: '*'
[2021-10-25 16:10:26.152] [exthost] [info] ExtensionService#loadCommonJSModule file:///d:/wingetapp/Microsoft VS Code/resources/app/extensions/debug-auto-launch/dist/extension
[2021-10-25 16:10:26.155] [exthost] [info] ExtensionService#_doActivateExtension vscode.git, startup: false, activationEvent: '*', root cause: vscode.github
[2021-10-25 16:10:26.155] [exthost] [info] ExtensionService#loadCommonJSModule file:///d:/wingetapp/Microsoft VS Code/resources/app/extensions/git/dist/main
[2021-10-25 16:10:26.171] [exthost] [info] ExtensionService#_doActivateExtension PKief.material-icon-theme, startup: false, activationEvent: '*'
[2021-10-25 16:10:26.171] [exthost] [info] ExtensionService#loadCommonJSModule file:///c:/Users/WeiYi/.vscode/extensions/pkief.material-icon-theme-4.10.0/dist/extension
[2021-10-25 16:10:26.180] [exthost] [info] ExtensionService#_doActivateExtension vscode.github-authentication, startup: false, activationEvent: 'onAuthenticationRequest:github'
[2021-10-25 16:10:26.180] [exthost] [info] ExtensionService#loadCommonJSModule file:///d:/wingetapp/Microsoft VS Code/resources/app/extensions/github-authentication/dist/extension.js
[2021-10-25 16:10:26.189] [exthost] [info] ExtensionService#_doActivateExtension vscode.configuration-editing, startup: false, activationEvent: 'onLanguage:jsonc'
[2021-10-25 16:10:26.190] [exthost] [info] ExtensionService#loadCommonJSModule file:///d:/wingetapp/Microsoft VS Code/resources/app/extensions/configuration-editing/dist/configurationEditingMain
[2021-10-25 16:10:26.194] [exthost] [info] ExtensionService#_doActivateExtension vscode.json-language-features, startup: false, activationEvent: 'onLanguage:jsonc'
[2021-10-25 16:10:26.194] [exthost] [info] ExtensionService#loadCommonJSModule file:///d:/wingetapp/Microsoft VS Code/resources/app/extensions/json-language-features/client/dist/node/jsonClientMain
[2021-10-25 16:10:26.216] [exthost] [info] ExtensionService#_doActivateExtension vscode.typescript-language-features, startup: false, activationEvent: 'onLanguage:jsonc'
[2021-10-25 16:10:26.216] [exthost] [info] ExtensionService#loadCommonJSModule file:///d:/wingetapp/Microsoft VS Code/resources/app/extensions/typescript-language-features/dist/extension
[2021-10-25 16:10:26.226] [exthost] [info] ExtensionService#_doActivateExtension vscode.extension-editing, startup: false, activationEvent: 'onLanguage:json'
[2021-10-25 16:10:26.226] [exthost] [info] ExtensionService#loadCommonJSModule file:///d:/wingetapp/Microsoft VS Code/resources/app/extensions/extension-editing/dist/extensionEditingMain
[2021-10-25 16:10:26.235] [exthost] [info] ExtensionService#_doActivateExtension vscode.npm, startup: false, activationEvent: 'onLanguage:json'
[2021-10-25 16:10:26.235] [exthost] [info] ExtensionService#loadCommonJSModule file:///d:/wingetapp/Microsoft VS Code/resources/app/extensions/npm/dist/npmMain
[2021-10-25 16:10:26.453] [exthost] [info] exiting with code 0
[2021-10-25 16:10:26.605] [exthost] [info] ExtensionService#_doActivateExtension vscode.github, startup: false, activationEvent: '*'
[2021-10-25 16:10:26.605] [exthost] [info] ExtensionService#loadCommonJSModule file:///d:/wingetapp/Microsoft VS Code/resources/app/extensions/github/dist/extension.js
[2021-10-25 16:10:26.616] [exthost] [info] eager extensions activated
[2021-10-25 16:10:26.623] [exthost] [info] ExtensionService#_doActivateExtension vscode.emmet, startup: false, activationEvent: 'onStartupFinished'
[2021-10-25 16:10:26.623] [exthost] [info] ExtensionService#loadCommonJSModule file:///d:/wingetapp/Microsoft VS Code/resources/app/extensions/emmet/dist/node/emmetNodeMain
[2021-10-25 16:10:26.632] [exthost] [info] ExtensionService#_doActivateExtension vscode.merge-conflict, startup: false, activationEvent: 'onStartupFinished'
[2021-10-25 16:10:26.632] [exthost] [info] ExtensionService#loadCommonJSModule file:///d:/wingetapp/Microsoft VS Code/resources/app/extensions/merge-conflict/dist/mergeConflictMain
[2021-10-25 16:10:26.635] [exthost] [info] ExtensionService#_doActivateExtension ms-vscode-remote.remote-wsl-recommender, startup: false, activationEvent: 'onStartupFinished'
[2021-10-25 16:10:26.635] [exthost] [info] ExtensionService#loadCommonJSModule file:///d:/wingetapp/Microsoft VS Code/resources/app/extensions/ms-vscode-remote.remote-wsl-recommender/dist/extension.js
[2021-10-25 16:10:26.643] [exthost] [info] ExtensionService#_doActivateExtension eamodio.gitlens, startup: false, activationEvent: 'onStartupFinished'
[2021-10-25 16:10:26.643] [exthost] [info] ExtensionService#loadCommonJSModule file:///c:/Users/WeiYi/.vscode/extensions/eamodio.gitlens-11.6.1/dist/gitlens
[2021-10-25 16:33:10.500] [exthost] [info] ExtensionService#_doActivateExtension vscode.grunt, startup: false, activationEvent: 'onCommand:workbench.action.tasks.runTask'
[2021-10-25 16:33:10.500] [exthost] [info] ExtensionService#loadCommonJSModule file:///d:/wingetapp/Microsoft VS Code/resources/app/extensions/grunt/dist/main
[2021-10-25 16:33:10.584] [exthost] [info] ExtensionService#_doActivateExtension vscode.gulp, startup: false, activationEvent: 'onCommand:workbench.action.tasks.runTask'
[2021-10-25 16:33:10.584] [exthost] [info] ExtensionService#loadCommonJSModule file:///d:/wingetapp/Microsoft VS Code/resources/app/extensions/gulp/dist/main
[2021-10-25 16:33:10.621] [exthost] [info] ExtensionService#_doActivateExtension vscode.jake, startup: false, activationEvent: 'onCommand:workbench.action.tasks.runTask'
[2021-10-25 16:33:10.621] [exthost] [info] ExtensionService#loadCommonJSModule file:///d:/wingetapp/Microsoft VS Code/resources/app/extensions/jake/dist/main
[2021-10-25 16:34:05.251] [exthost] [info] ExtensionService#_doActivateExtension vscode.ipynb, startup: false, activationEvent: 'onNotebook:jupyter-notebook}'
[2021-10-25 16:34:05.251] [exthost] [info] ExtensionService#loadCommonJSModule file:///d:/wingetapp/Microsoft VS Code/resources/app/extensions/ipynb/dist/ipynbMain.js
[2021-10-25 16:34:05.420] [exthost] [info] ExtensionService#_doActivateExtension ms-toolsai.jupyter, startup: false, activationEvent: 'onNotebook:jupyter-notebook'
[2021-10-25 16:34:05.420] [exthost] [info] ExtensionService#loadCommonJSModule file:///c:/Users/WeiYi/.vscode/extensions/ms-toolsai.jupyter-2021.9.1101343141/out/client/extension
[2021-10-25 16:34:05.884] [exthost] [info] ExtensionService#_doActivateExtension ms-toolsai.jupyter-renderers, startup: false, activationEvent: 'onNotebook:*'
[2021-10-25 16:34:05.884] [exthost] [info] ExtensionService#loadCommonJSModule file:///c:/Users/WeiYi/.vscode/extensions/ms-toolsai.jupyter-renderers-1.0.3/out/extension_renderer/index.js
[2021-10-25 16:34:05.920] [exthost] [info] ExtensionService#_doActivateExtension ms-python.python, startup: false, activationEvent: 'onLanguage:python', root cause: ms-python.vscode-pylance
[2021-10-25 16:34:05.920] [exthost] [info] ExtensionService#loadCommonJSModule file:///c:/Users/WeiYi/.vscode/extensions/ms-python.python-2021.10.1365161279/out/client/extension
[2021-10-25 16:34:07.178] [exthost] [info] ExtensionService#_doActivateExtension ms-python.vscode-pylance, startup: false, activationEvent: 'onLanguage:python'
[2021-10-25 16:34:07.178] [exthost] [info] ExtensionService#loadCommonJSModule file:///c:/Users/WeiYi/.vscode/extensions/ms-python.vscode-pylance-2021.10.2/dist/extension.bundle.js
[2021-10-25 16:35:16.801] [exthost] [info] ExtensionService#_doActivateExtension tootone.org-mode, startup: false, activationEvent: 'onLanguage:org'
[2021-10-25 16:35:16.802] [exthost] [info] ExtensionService#loadCommonJSModule file:///c:/Users/WeiYi/.vscode/extensions/tootone.org-mode-0.5.0/out/src/extension
[2021-10-26 11:33:11.038] [exthost] [warning] TextEditor is closed/disposed
[2021-10-26 11:40:14.244] [exthost] [info] ExtensionService#_doActivateExtension vscode.markdown-language-features, startup: false, activationEvent: 'onLanguage:markdown'
[2021-10-26 11:40:14.244] [exthost] [info] ExtensionService#loadCommonJSModule file:///d:/wingetapp/Microsoft VS Code/resources/app/extensions/markdown-language-features/dist/extension
[2021-10-26 11:40:14.896] [exthost] [info] ExtensionService#_doActivateExtension vscode.markdown-math, startup: false, activationEvent: 'api', root cause: vscode.markdown-language-features
[2021-10-26 11:40:14.897] [exthost] [info] ExtensionService#loadCommonJSModule file:///d:/wingetapp/Microsoft VS Code/resources/app/extensions/markdown-math/dist/extension
[2021-10-26 11:54:26.585] [exthost] [warning] TextEditor is closed/disposed
[2021-10-26 12:34:45.345] [exthost] [warning] [Decorations] CAPPING events from decorations provider vscode.git 1031
[2021-10-26 12:34:48.438] [exthost] [info] extension host terminating: renderer closed the socket
[2021-10-26 12:34:49.636] [exthost] [info] exiting with code 0
