[Info  - 08:10:26.302] Reading sessions from keychain...
[Info  - 08:10:26.378] Getting sessions for all scopes...
[Trace  - 08:10:26.379] Token acquired from secret storage.
[Info  - 08:10:26.379] Got stored sessions!
[Trace  - 08:10:26.379] Read the following session from the keychain with the following scopes: user:email
[Trace  - 08:10:26.379] Read the following session from the keychain with the following scopes: repo,workflow
[Trace  - 08:10:26.379] Read the following session from the keychain with the following scopes: repo
[Info  - 08:10:26.409] Got 3 verified sessions.
[Info  - 08:10:26.410] Got 3 sessions for all scopes...
[Info  - 08:10:26.420] Getting sessions for all scopes...
[Info  - 08:10:26.420] Got 3 sessions for all scopes...
[Info  - 08:10:26.421] Getting sessions for all scopes...
[Info  - 08:10:26.421] Got 3 sessions for all scopes...
[Info  - 08:10:27.159] Getting sessions for repo...
[Info  - 08:10:27.159] Got 1 sessions for repo...
[Info  - 08:35:19.599] Getting sessions for repo...
[Info  - 08:35:19.599] Got 1 sessions for repo...
[Info  - 08:35:19.669] Getting sessions for repo...
[Info  - 08:35:19.669] Got 1 sessions for repo...
[Info  - 03:24:43.750] Getting sessions for all scopes...
[Info  - 03:24:43.751] Got 3 sessions for all scopes...
[Info  - 03:27:43.351] Getting sessions for repo...
[Info  - 03:27:43.351] Got 1 sessions for repo...
[Info  - 03:27:43.375] Getting sessions for repo...
[Info  - 03:27:43.375] Got 1 sessions for repo...
[Info  - 03:27:43.422] Getting sessions for repo...
[Info  - 03:27:43.422] Got 1 sessions for repo...
[Info  - 03:34:27.98] Getting sessions for all scopes...
[Info  - 03:34:27.98] Got 3 sessions for all scopes...
[Info  - 03:34:34.502] Getting sessions for all scopes...
[Info  - 03:34:34.502] Got 3 sessions for all scopes...
[Info  - 03:40:15.5] Getting sessions for repo...
[Info  - 03:40:15.5] Got 1 sessions for repo...
