[2021-10-21 12:35:45.221] [info]  Logseq App(0.4.4) Starting... 
[2021-10-21 12:35:45.235] [warn]  [updater] checking https://update.electronjs.org/logseq/logseq/win32-x64/0.4.4
[2021-10-21 12:36:15.266] [info]  Logseq App(0.4.4) Starting... 
[2021-10-21 12:36:15.283] [warn]  [updater] checking https://update.electronjs.org/logseq/logseq/win32-x64/0.4.4
[2021-10-21 12:36:18.290] [error] [Git] Error: Empty graph path
    at C:\Users\WeiYi\AppData\Local\Logseq\app-0.4.4\resources\app\electron.js:507:65
    at Zo (C:\Users\WeiYi\AppData\Local\Logseq\app-0.4.4\resources\app\electron.js:507:101)
    at $o (C:\Users\WeiYi\AppData\Local\Logseq\app-0.4.4\resources\app\electron.js:508:15)
    at C:\Users\WeiYi\AppData\Local\Logseq\app-0.4.4\resources\app\electron.js:510:92
    at Function.e [as g] (C:\Users\WeiYi\AppData\Local\Logseq\app-0.4.4\resources\app\electron.js:148:235)
    at C:\Users\WeiYi\AppData\Local\Logseq\app-0.4.4\resources\app\electron.js:420:312
[2021-10-21 16:56:06.178] [info]  Logseq App(0.4.4) Starting... 
[2021-10-21 16:56:06.244] [warn]  [updater] checking https://update.electronjs.org/logseq/logseq/win32-x64/0.4.4
[2021-10-21 16:56:09.255] [error] [Git] Error: Empty graph path
    at C:\Users\WeiYi\AppData\Local\Logseq\app-0.4.4\resources\app\electron.js:507:65
    at Zo (C:\Users\WeiYi\AppData\Local\Logseq\app-0.4.4\resources\app\electron.js:507:101)
    at $o (C:\Users\WeiYi\AppData\Local\Logseq\app-0.4.4\resources\app\electron.js:508:15)
    at C:\Users\WeiYi\AppData\Local\Logseq\app-0.4.4\resources\app\electron.js:510:92
    at Function.e [as g] (C:\Users\WeiYi\AppData\Local\Logseq\app-0.4.4\resources\app\electron.js:148:235)
    at C:\Users\WeiYi\AppData\Local\Logseq\app-0.4.4\resources\app\electron.js:420:312
[2021-10-21 16:56:53.839] [info]  new-window http://59.211.219.68/gxzzqsxk/frame/fui/pages/themes/grace/grace
[2021-10-24 00:23:13.777] [info]  Logseq App(0.4.4) Starting... 
[2021-10-24 00:23:13.818] [warn]  [updater] checking https://update.electronjs.org/logseq/logseq/win32-x64/0.4.4
[2021-10-24 00:23:16.829] [error] [Git] Error: Empty graph path
    at C:\Users\WeiYi\AppData\Local\Logseq\app-0.4.4\resources\app\electron.js:507:65
    at Zo (C:\Users\WeiYi\AppData\Local\Logseq\app-0.4.4\resources\app\electron.js:507:101)
    at $o (C:\Users\WeiYi\AppData\Local\Logseq\app-0.4.4\resources\app\electron.js:508:15)
    at C:\Users\WeiYi\AppData\Local\Logseq\app-0.4.4\resources\app\electron.js:510:92
    at Function.e [as g] (C:\Users\WeiYi\AppData\Local\Logseq\app-0.4.4\resources\app\electron.js:148:235)
    at C:\Users\WeiYi\AppData\Local\Logseq\app-0.4.4\resources\app\electron.js:420:312
[2021-10-26 12:13:02.189] [info]  Logseq App(0.4.4) Starting... 
[2021-10-26 12:13:02.307] [warn]  [updater] checking https://update.electronjs.org/logseq/logseq/win32-x64/0.4.4
[2021-10-26 12:13:05.307] [error] [Git] Error: Empty graph path
    at C:\Users\WeiYi\AppData\Local\Logseq\app-0.4.4\resources\app\electron.js:507:65
    at Zo (C:\Users\WeiYi\AppData\Local\Logseq\app-0.4.4\resources\app\electron.js:507:101)
    at $o (C:\Users\WeiYi\AppData\Local\Logseq\app-0.4.4\resources\app\electron.js:508:15)
    at C:\Users\WeiYi\AppData\Local\Logseq\app-0.4.4\resources\app\electron.js:510:92
    at Function.e [as g] (C:\Users\WeiYi\AppData\Local\Logseq\app-0.4.4\resources\app\electron.js:148:235)
    at C:\Users\WeiYi\AppData\Local\Logseq\app-0.4.4\resources\app\electron.js:420:312
[2021-10-26 12:27:38.149] [info]  Logseq App(0.4.4) Starting... 
[2021-10-26 12:27:38.181] [warn]  [updater] checking https://update.electronjs.org/logseq/logseq/win32-x64/0.4.4
[2021-10-26 12:27:41.181] [error] [Git] Error: Empty graph path
    at C:\Users\WeiYi\AppData\Local\Logseq\app-0.4.4\resources\app\electron.js:507:65
    at Zo (C:\Users\WeiYi\AppData\Local\Logseq\app-0.4.4\resources\app\electron.js:507:101)
    at $o (C:\Users\WeiYi\AppData\Local\Logseq\app-0.4.4\resources\app\electron.js:508:15)
    at C:\Users\WeiYi\AppData\Local\Logseq\app-0.4.4\resources\app\electron.js:510:92
    at Function.e [as g] (C:\Users\WeiYi\AppData\Local\Logseq\app-0.4.4\resources\app\electron.js:148:235)
    at C:\Users\WeiYi\AppData\Local\Logseq\app-0.4.4\resources\app\electron.js:420:312
[2021-10-26 12:29:53.022] [info]  Logseq App(0.4.4) Starting... 
[2021-10-26 12:29:53.051] [warn]  [updater] checking https://update.electronjs.org/logseq/logseq/win32-x64/0.4.4
[2021-10-26 12:29:56.055] [error] [Git] Error: Empty graph path
    at C:\Users\WeiYi\AppData\Local\Logseq\app-0.4.4\resources\app\electron.js:507:65
    at Zo (C:\Users\WeiYi\AppData\Local\Logseq\app-0.4.4\resources\app\electron.js:507:101)
    at $o (C:\Users\WeiYi\AppData\Local\Logseq\app-0.4.4\resources\app\electron.js:508:15)
    at C:\Users\WeiYi\AppData\Local\Logseq\app-0.4.4\resources\app\electron.js:510:92
    at Function.e [as g] (C:\Users\WeiYi\AppData\Local\Logseq\app-0.4.4\resources\app\electron.js:148:235)
    at C:\Users\WeiYi\AppData\Local\Logseq\app-0.4.4\resources\app\electron.js:420:312
[2021-10-26 12:31:04.184] [info]  [Marketplace] [Release Asset] # undefined  => null
[2021-10-26 12:31:06.185] [info]  [Marketplace] [Updated DONE]  undefined
