[Info  - 04:00:28.107] Reading sessions from keychain...
[Info  - 04:00:28.140] Getting sessions for all scopes...
[Info  - 04:00:28.140] Getting sessions for all scopes...
[Trace  - 04:00:28.140] Token acquired from secret storage.
[Info  - 04:00:28.140] Got stored sessions!
[Trace  - 04:00:28.140] Read the following session from the keychain with the following scopes: user:email
[Trace  - 04:00:28.140] Read the following session from the keychain with the following scopes: repo,workflow
[Info  - 04:00:28.140] Got 2 verified sessions.
[Info  - 04:00:28.140] Got 2 sessions for all scopes...
[Info  - 04:00:28.140] Got 2 sessions for all scopes...
[Info  - 04:00:28.544] Getting sessions for repo...
[Info  - 04:00:28.544] Got 0 sessions for repo...
[Info  - 04:01:06.77] Getting sessions for all scopes...
[Info  - 04:01:06.77] Got 2 sessions for all scopes...
[Info  - 04:01:25.598] Getting sessions for all scopes...
[Info  - 04:01:25.598] Got 2 sessions for all scopes...
[Info  - 04:01:27.505] Logging in for the following scopes: repo
[Trace  - 04:01:51.267] Handling Uri...
[Info  - 04:01:51.268] Exchanging code for token...
[Info  - 04:01:52.732] Token exchange success!
[Info  - 04:01:52.733] Getting user info...
[Info  - 04:01:54.257] Got account info!
[Info  - 04:01:54.257] Storing 3 sessions...
[Info  - 04:01:54.327] Reading sessions from keychain...
[Info  - 04:01:54.327] Stored 3 sessions!
[Info  - 04:01:54.327] Login success!
[Info  - 04:01:54.355] Getting sessions for all scopes...
[Trace  - 04:01:54.405] Token acquired from secret storage.
[Info  - 04:01:54.405] Got stored sessions!
[Trace  - 04:01:54.405] Read the following session from the keychain with the following scopes: user:email
[Trace  - 04:01:54.405] Read the following session from the keychain with the following scopes: repo,workflow
[Trace  - 04:01:54.405] Read the following session from the keychain with the following scopes: repo
[Info  - 04:01:54.405] Got 3 verified sessions.
[Info  - 04:01:54.406] Got 3 sessions for all scopes...
[Info  - 04:01:54.412] Getting sessions for repo...
[Info  - 04:01:54.412] Got 1 sessions for repo...
[Info  - 04:01:54.507] Getting sessions for repo...
[Info  - 04:01:54.508] Got 1 sessions for repo...
[Info  - 04:01:57.559] Getting sessions for all scopes...
[Info  - 04:01:57.560] Got 3 sessions for all scopes...
