[2021-10-25 11:56:59.494] [sharedprocess] [info] WSL is not installed, so could not detect WSL profiles
[2021-10-25 11:56:59.738] [sharedprocess] [info] WSL is not installed, so could not detect WSL profiles
[2021-10-25 11:57:01.676] [sharedprocess] [info] WSL is not installed, so could not detect WSL profiles
[2021-10-25 11:57:08.394] [sharedprocess] [info] [logs cleanup]: Starting to clean up old logs.
[2021-10-25 11:57:08.398] [sharedprocess] [info] [logs cleanup]: Removing log folders '20211021T111259'
[2021-10-25 11:57:09.810] [sharedprocess] [info] Installing extension: james-yu.latex-workshop
[2021-10-25 11:57:28.398] [sharedprocess] [info] [code cache cleanup]: Starting to clean up old code cache folders.
[2021-10-25 11:57:28.399] [sharedprocess] [info] [storage cleanup]: Starting to clean up storage folders.
[2021-10-25 11:57:28.414] [sharedprocess] [info] [storage cleanup]: Deleting storage folder 1634825411564.
[2021-10-25 11:57:38.384] [sharedprocess] [info] [language pack cache cleanup]: Starting to clean up unused language packs.
[2021-10-25 11:57:38.419] [sharedprocess] [info] [language pack cache cleanup]: Skipping folder 641b9120268979c895e11c97f0a822f6.zh-cn. Language pack still in use.
[2021-10-25 11:57:38.852] [sharedprocess] [info] Downloaded extension: james-yu.latex-workshop c:\Users\WeiYi\AppData\Roaming\Code\CachedExtensionVSIXs\james-yu.latex-workshop-8.21.1
[2021-10-25 11:57:45.912] [sharedprocess] [info] Extracted extension to c:\Users\WeiYi\.vscode\extensions\.fb7e15a2-b7cb-478f-899b-d6ac7ebd8cc6: james-yu.latex-workshop
[2021-10-25 11:57:45.938] [sharedprocess] [info] Renamed to c:\Users\WeiYi\.vscode\extensions\james-yu.latex-workshop-8.21.1
[2021-10-25 11:57:45.951] [sharedprocess] [info] Extracting completed. james-yu.latex-workshop
[2021-10-25 11:57:45.958] [sharedprocess] [info] Extension installed successfully: james-yu.latex-workshop
[2021-10-25 11:58:30.073] [sharedprocess] [info] WSL is not installed, so could not detect WSL profiles
[2021-10-25 11:58:31.189] [sharedprocess] [info] WSL is not installed, so could not detect WSL profiles
[2021-10-25 11:58:33.204] [sharedprocess] [info] WSL is not installed, so could not detect WSL profiles
[2021-10-25 11:58:59.911] [sharedprocess] [info] WSL is not installed, so could not detect WSL profiles
[2021-10-25 11:59:00.787] [sharedprocess] [info] WSL is not installed, so could not detect WSL profiles
[2021-10-25 12:00:27.591] [sharedprocess] [info] WSL is not installed, so could not detect WSL profiles
[2021-10-25 12:00:28.543] [sharedprocess] [info] WSL is not installed, so could not detect WSL profiles
[2021-10-25 12:02:45.660] [sharedprocess] [info] WSL is not installed, so could not detect WSL profiles
[2021-10-25 12:02:47.471] [sharedprocess] [info] WSL is not installed, so could not detect WSL profiles
[2021-10-25 12:04:34.249] [sharedprocess] [info] WSL is not installed, so could not detect WSL profiles
[2021-10-25 12:04:36.014] [sharedprocess] [info] WSL is not installed, so could not detect WSL profiles
[2021-10-25 12:04:36.969] [sharedprocess] [info] WSL is not installed, so could not detect WSL profiles
[2021-10-25 12:04:54.033] [sharedprocess] [info] WSL is not installed, so could not detect WSL profiles
[2021-10-25 12:04:54.994] [sharedprocess] [info] WSL is not installed, so could not detect WSL profiles
[2021-10-25 12:21:22.155] [sharedprocess] [warning] No ptyHost heartbeat after 6 seconds
